<?xml version="1.0" encoding="UTF-8"?>
<testsuite name="CodeSharingPlatformTest" tests="1" skipped="0" failures="0" errors="0" timestamp="2020-12-08T10:33:34" hostname="DESKTOP-4DVUSE4" time="4.093">
  <properties/>
  <testcase name="start" classname="CodeSharingPlatformTest" time="4.093"/>
  <system-out><![CDATA[?[1;31m
Start test 1?[0m

  .   ____          _            __ _ _
 /\\ / ___'_ __ _ _(_)_ __  __ _ \ \ \ \
( ( )\___ | '_ | '_| | '_ \/ _` | \ \ \ \
 \\/  ___)| |_)| | | | | || (_| |  ) ) ) )
  '  |____| .__|_| |_|_| |_\__, | / / / /
 =========|_|==============|___/=/_/_/_/
 :: Spring Boot ::        (v2.3.3.RELEASE)

2020-12-08 12:33:35.010  INFO 12568 --- [    Test worker] platform.CodeSharingPlatform             : Starting CodeSharingPlatform on DESKTOP-4DVUSE4 with PID 12568 (started by RAMONA in C:\INTELLIJ_IDEA_PROJECTS\Code Sharing Platform\Code Sharing Platform\task)
2020-12-08 12:33:35.014  INFO 12568 --- [    Test worker] platform.CodeSharingPlatform             : No active profile set, falling back to default profiles: default
2020-12-08 12:33:36.561  INFO 12568 --- [    Test worker] o.s.b.w.embedded.tomcat.TomcatWebServer  : Tomcat initialized with port(s): 8889 (http)
2020-12-08 12:33:36.575  INFO 12568 --- [    Test worker] o.apache.catalina.core.StandardService   : Starting service [Tomcat]
2020-12-08 12:33:36.575  INFO 12568 --- [    Test worker] org.apache.catalina.core.StandardEngine  : Starting Servlet engine: [Apache Tomcat/9.0.37]
2020-12-08 12:33:36.578  INFO 12568 --- [    Test worker] o.a.catalina.core.AprLifecycleListener   : Loaded Apache Tomcat Native library [1.2.25] using APR version [1.7.0].
2020-12-08 12:33:36.579  INFO 12568 --- [    Test worker] o.a.catalina.core.AprLifecycleListener   : APR capabilities: IPv6 [true], sendfile [true], accept filters [false], random [true].
2020-12-08 12:33:36.579  INFO 12568 --- [    Test worker] o.a.catalina.core.AprLifecycleListener   : APR/OpenSSL configuration: useAprConnector [false], useOpenSSL [true]
2020-12-08 12:33:36.584  INFO 12568 --- [    Test worker] o.a.catalina.core.AprLifecycleListener   : OpenSSL successfully initialized [OpenSSL 1.1.1g  21 Apr 2020]
2020-12-08 12:33:36.732  INFO 12568 --- [    Test worker] o.a.c.c.C.[Tomcat].[localhost].[/]       : Initializing Spring embedded WebApplicationContext
2020-12-08 12:33:36.732  INFO 12568 --- [    Test worker] w.s.c.ServletWebServerApplicationContext : Root WebApplicationContext: initialization completed in 1654 ms
2020-12-08 12:33:37.109  INFO 12568 --- [    Test worker] o.s.s.concurrent.ThreadPoolTaskExecutor  : Initializing ExecutorService 'applicationTaskExecutor'
2020-12-08 12:33:37.567  INFO 12568 --- [    Test worker] o.s.b.a.e.web.EndpointLinksResolver      : Exposing 14 endpoint(s) beneath base path '/actuator'
2020-12-08 12:33:37.643  INFO 12568 --- [    Test worker] o.s.b.w.embedded.tomcat.TomcatWebServer  : Tomcat started on port(s): 8889 (http) with context path ''
2020-12-08 12:33:37.661  INFO 12568 --- [    Test worker] platform.CodeSharingPlatform             : Started CodeSharingPlatform in 3.12 seconds (JVM running for 4.194)
2020-12-08 12:33:38.105  INFO 12568 --- [nio-8889-exec-1] o.a.c.c.C.[Tomcat].[localhost].[/]       : Initializing Spring DispatcherServlet 'dispatcherServlet'
2020-12-08 12:33:38.107  INFO 12568 --- [nio-8889-exec-1] o.s.web.servlet.DispatcherServlet        : Initializing Servlet 'dispatcherServlet'
2020-12-08 12:33:38.118  INFO 12568 --- [nio-8889-exec-1] o.s.web.servlet.DispatcherServlet        : Completed initialization in 11 ms
?[1;31m
Start test 2?[0m
?[1;31m
Start test 3?[0m
<html>
<head>
    <title>Code</title>
</head>
<body>
    <pre>public static void main(String[] args) {
    SpringApplication.run(CodeSharingPlatform.class, args);
}</pre>
</body>
</html>
]]></system-out>
  <system-err><![CDATA[]]></system-err>
</testsuite>
